<?xml version="1.0" encoding="UTF-8"?>
<!-- Generated by org.testng.reporters.JUnitReportReporter -->
<testsuite hostname="Accops_VDA16" failures="0" tests="17" name="com.partnerPortal.qa.testcases.HomePageTest" time="277.278" errors="0" timestamp="2024-10-08T11:32:27 IST" skipped="0">
  <testcase classname="com.partnerPortal.qa.testcases.HomePageTest" name="verifyHomePageTitleTest" time="12.288"/>
  <testcase classname="com.partnerPortal.qa.testcases.HomePageTest" name="verifyHomePageTitle" time="13.556"/>
  <testcase classname="com.partnerPortal.qa.testcases.HomePageTest" name="verifyUserNameTest" time="15.051"/>
  <testcase classname="com.partnerPortal.qa.testcases.HomePageTest" name="verifyUserDetails" time="15.865"/>
  <testcase classname="com.partnerPortal.qa.testcases.HomePageTest" name="verifyLoginDetails" time="13.894"/>
  <testcase classname="com.partnerPortal.qa.testcases.HomePageTest" name="verifyPreIssuance_FYIP" time="19.604"/>
  <testcase classname="com.partnerPortal.qa.testcases.HomePageTest" name="verifyPostIssuance_FYIP" time="14.989"/>
  <testcase classname="com.partnerPortal.qa.testcases.HomePageTest" name="clickMtd" time="19.646"/>
  <testcase classname="com.partnerPortal.qa.testcases.HomePageTest" name="verifyPreIssuance_MTD" time="20.969"/>
  <testcase classname="com.partnerPortal.qa.testcases.HomePageTest" name="verifyPostIssuance_MTD" time="18.750"/>
  <testcase classname="com.partnerPortal.qa.testcases.HomePageTest" name="clickYTD" time="12.880"/>
  <testcase classname="com.partnerPortal.qa.testcases.HomePageTest" name="verifyPreIssuance_YTD" time="28.892"/>
  <testcase classname="com.partnerPortal.qa.testcases.HomePageTest" name="verifyPostIssuance_YTD" time="19.423"/>
  <testcase classname="com.partnerPortal.qa.testcases.HomePageTest" name="verifyNach_FYIP" time="10.906"/>
  <testcase classname="com.partnerPortal.qa.testcases.HomePageTest" name="verifyNach_MTD" time="18.239"/>
  <testcase classname="com.partnerPortal.qa.testcases.HomePageTest" name="reports" time="13.526"/>
  <testcase classname="com.partnerPortal.qa.testcases.HomePageTest" name="logout" time="8.800"/>
</testsuite> <!-- com.partnerPortal.qa.testcases.HomePageTest -->
