<?xml version="1.0" encoding="UTF-8"?>
<!-- Generated by org.testng.reporters.JUnitReportReporter -->
<testsuite hostname="Accops_VDA16" failures="0" tests="2" name="com.partnerPortal.qa.testcases.LoginPageTest" time="36.721" errors="0" timestamp="2024-10-08T11:32:28 IST" skipped="0">
  <testcase classname="com.partnerPortal.qa.testcases.LoginPageTest" name="loginTest" time="23.973"/>
  <testcase classname="com.partnerPortal.qa.testcases.LoginPageTest" name="loginPageTitleTest" time="12.748"/>
</testsuite> <!-- com.partnerPortal.qa.testcases.LoginPageTest -->
